0 info it worked if it ends with ok
1 verbose cli [ 'C:\\nodejs\\node.exe',
1 verbose cli   'C:\\nodejs\\node_modules\\npm\\bin\\npm-cli.js',
1 verbose cli   'install',
1 verbose cli   'saveUninitialized' ]
2 info using npm@2.15.8
3 info using node@v4.4.7
4 verbose install initial load of C:\WebDevelop\Sroup\package.json
5 verbose installManyTop reading scoped package data from C:\WebDevelop\Sroup\node_modules\body-parser\package.json
6 verbose installManyTop reading scoped package data from C:\WebDevelop\Sroup\node_modules\cookie-parser\package.json
7 verbose installManyTop reading scoped package data from C:\WebDevelop\Sroup\node_modules\debug\package.json
8 verbose installManyTop reading scoped package data from C:\WebDevelop\Sroup\node_modules\ejs\package.json
9 verbose installManyTop reading scoped package data from C:\WebDevelop\Sroup\node_modules\express\package.json
10 verbose installManyTop reading scoped package data from C:\WebDevelop\Sroup\node_modules\express-session\package.json
11 verbose installManyTop reading scoped package data from C:\WebDevelop\Sroup\node_modules\mongoose\package.json
12 verbose installManyTop reading scoped package data from C:\WebDevelop\Sroup\node_modules\morgan\package.json
13 verbose installManyTop reading scoped package data from C:\WebDevelop\Sroup\node_modules\serve-favicon\package.json
14 verbose readDependencies loading dependencies from C:\WebDevelop\Sroup\package.json
15 silly cache add args [ 'saveUninitialized', null ]
16 verbose cache add spec saveUninitialized
17 silly cache add parsed spec Result {
17 silly cache add   raw: 'saveUninitialized',
17 silly cache add   scope: null,
17 silly cache add   name: 'saveUninitialized',
17 silly cache add   rawSpec: '',
17 silly cache add   spec: 'latest',
17 silly cache add   type: 'tag' }
18 silly addNamed saveUninitialized@latest
19 verbose addNamed "latest" is being treated as a dist-tag for saveUninitialized
20 info addNameTag [ 'saveUninitialized', 'latest' ]
21 silly mapToRegistry name saveUninitialized
22 silly mapToRegistry using default registry
23 silly mapToRegistry registry https://registry.npmjs.org/
24 silly mapToRegistry data Result {
24 silly mapToRegistry   raw: 'saveUninitialized',
24 silly mapToRegistry   scope: null,
24 silly mapToRegistry   name: 'saveUninitialized',
24 silly mapToRegistry   rawSpec: '',
24 silly mapToRegistry   spec: 'latest',
24 silly mapToRegistry   type: 'tag' }
25 silly mapToRegistry uri https://registry.npmjs.org/saveUninitialized
26 verbose addNameTag registry:https://registry.npmjs.org/saveUninitialized not in flight; fetching
27 verbose request uri https://registry.npmjs.org/saveUninitialized
28 verbose request no auth needed
29 info attempt registry request try #1 at 21:00:29
30 verbose request id a3b5499cbb6374dc
31 http request GET https://registry.npmjs.org/saveUninitialized
32 http 404 https://registry.npmjs.org/saveUninitialized
33 verbose headers { 'content-type': 'application/json',
33 verbose headers   'cache-control': 'max-age=0',
33 verbose headers   'content-length': '2',
33 verbose headers   'accept-ranges': 'bytes',
33 verbose headers   date: 'Tue, 19 Jul 2016 11:59:35 GMT',
33 verbose headers   via: '1.1 varnish',
33 verbose headers   age: '0',
33 verbose headers   connection: 'keep-alive',
33 verbose headers   'x-served-by': 'cache-nrt6133-NRT',
33 verbose headers   'x-cache': 'MISS',
33 verbose headers   'x-cache-hits': '0',
33 verbose headers   'x-timer': 'S1468929575.182169,VS0,VE135',
33 verbose headers   vary: 'Accept-Encoding' }
34 silly get cb [ 404,
34 silly get   { 'content-type': 'application/json',
34 silly get     'cache-control': 'max-age=0',
34 silly get     'content-length': '2',
34 silly get     'accept-ranges': 'bytes',
34 silly get     date: 'Tue, 19 Jul 2016 11:59:35 GMT',
34 silly get     via: '1.1 varnish',
34 silly get     age: '0',
34 silly get     connection: 'keep-alive',
34 silly get     'x-served-by': 'cache-nrt6133-NRT',
34 silly get     'x-cache': 'MISS',
34 silly get     'x-cache-hits': '0',
34 silly get     'x-timer': 'S1468929575.182169,VS0,VE135',
34 silly get     vary: 'Accept-Encoding' } ]
35 verbose stack Error: Registry returned 404 for GET on https://registry.npmjs.org/saveUninitialized
35 verbose stack     at makeError (C:\nodejs\node_modules\npm\node_modules\npm-registry-client\lib\request.js:264:12)
35 verbose stack     at CachingRegistryClient.<anonymous> (C:\nodejs\node_modules\npm\node_modules\npm-registry-client\lib\request.js:242:14)
35 verbose stack     at Request._callback (C:\nodejs\node_modules\npm\node_modules\npm-registry-client\lib\request.js:172:14)
35 verbose stack     at Request.self.callback (C:\nodejs\node_modules\npm\node_modules\request\request.js:200:22)
35 verbose stack     at emitTwo (events.js:87:13)
35 verbose stack     at Request.emit (events.js:172:7)
35 verbose stack     at Request.<anonymous> (C:\nodejs\node_modules\npm\node_modules\request\request.js:1067:10)
35 verbose stack     at emitOne (events.js:82:20)
35 verbose stack     at Request.emit (events.js:169:7)
35 verbose stack     at IncomingMessage.<anonymous> (C:\nodejs\node_modules\npm\node_modules\request\request.js:988:12)
36 verbose statusCode 404
37 verbose pkgid saveUninitialized
38 verbose cwd C:\WebDevelop\Sroup
39 error Windows_NT 10.0.10586
40 error argv "C:\\nodejs\\node.exe" "C:\\nodejs\\node_modules\\npm\\bin\\npm-cli.js" "install" "saveUninitialized"
41 error node v4.4.7
42 error npm  v2.15.8
43 error code E404
44 error 404 Registry returned 404 for GET on https://registry.npmjs.org/saveUninitialized
44 error 404
44 error 404 'saveUninitialized' is not in the npm registry.
44 error 404 Your package name is not valid, because
44 error 404
44 error 404  1. name can no longer contain capital letters
44 error 404 It was specified as a dependency of 'nodejs_test_express'
44 error 404
44 error 404 Note that you can also install from a
44 error 404 tarball, folder, http url, or git url.
45 verbose exit [ 1, true ]
